---------------------------------------
Begin PBS Prologue Wed Jul  7 14:56:28 EDT 2021
Job ID:     2289728.sched-torque.pace.gatech.edu
User ID:    yshimane3
Job name:   SE_ballistic
Queue:      inferno
End PBS Prologue Wed Jul  7 14:56:28 EDT 2021
---------------------------------------

Lmod is automatically replacing "intel/19.0.5" with "gcc/8.3.0".


Due to MODULEPATH changes, the following have been reloaded:
  1) mvapich2/2.3.2

ERROR: LoadError: On worker 2:
UndefVarError: #check_apsis not defined
Stacktrace:
  [1] deserialize_datatype
    @ /var/pace-apps/temp/spack/var/0.13/stage/kmanalo3/spack-stage-julia-1.6.1-zm65sp5ygm56hdp6csnsxqjc7qea6ijo/spack-src/usr/share/julia/stdlib/v1.6/Serialization/src/Serialization.jl:1288
  [2] handle_deserialize
    @ /var/pace-apps/temp/spack/var/0.13/stage/kmanalo3/spack-stage-julia-1.6.1-zm65sp5ygm56hdp6csnsxqjc7qea6ijo/spack-src/usr/share/julia/stdlib/v1.6/Serialization/src/Serialization.jl:835
  [3] deserialize
    @ /var/pace-apps/temp/spack/var/0.13/stage/kmanalo3/spack-stage-julia-1.6.1-zm65sp5ygm56hdp6csnsxqjc7qea6ijo/spack-src/usr/share/julia/stdlib/v1.6/Serialization/src/Serialization.jl:782
  [4] handle_deserialize
    @ /var/pace-apps/temp/spack/var/0.13/stage/kmanalo3/spack-stage-julia-1.6.1-zm65sp5ygm56hdp6csnsxqjc7qea6ijo/spack-src/usr/share/julia/stdlib/v1.6/Serialization/src/Serialization.jl:842
  [5] deserialize
    @ /var/pace-apps/temp/spack/var/0.13/stage/kmanalo3/spack-stage-julia-1.6.1-zm65sp5ygm56hdp6csnsxqjc7qea6ijo/spack-src/usr/share/julia/stdlib/v1.6/Serialization/src/Serialization.jl:782 [inlined]
  [6] deserialize_global_from_main
    @ /var/pace-apps/temp/spack/var/0.13/stage/kmanalo3/spack-stage-julia-1.6.1-zm65sp5ygm56hdp6csnsxqjc7qea6ijo/spack-src/usr/share/julia/stdlib/v1.6/Distributed/src/clusterserialize.jl:160
  [7] #3
    @ /var/pace-apps/temp/spack/var/0.13/stage/kmanalo3/spack-stage-julia-1.6.1-zm65sp5ygm56hdp6csnsxqjc7qea6ijo/spack-src/usr/share/julia/stdlib/v1.6/Distributed/src/clusterserialize.jl:72 [inlined]
  [8] foreach
    @ ./abstractarray.jl:2141
  [9] deserialize
    @ /var/pace-apps/temp/spack/var/0.13/stage/kmanalo3/spack-stage-julia-1.6.1-zm65sp5ygm56hdp6csnsxqjc7qea6ijo/spack-src/usr/share/julia/stdlib/v1.6/Distributed/src/clusterserialize.jl:72
 [10] handle_deserialize
    @ /var/pace-apps/temp/spack/var/0.13/stage/kmanalo3/spack-stage-julia-1.6.1-zm65sp5ygm56hdp6csnsxqjc7qea6ijo/spack-src/usr/share/julia/stdlib/v1.6/Serialization/src/Serialization.jl:928
 [11] deserialize
    @ /var/pace-apps/temp/spack/var/0.13/stage/kmanalo3/spack-stage-julia-1.6.1-zm65sp5ygm56hdp6csnsxqjc7qea6ijo/spack-src/usr/share/julia/stdlib/v1.6/Serialization/src/Serialization.jl:782
 [12] deserialize_datatype
    @ /var/pace-apps/temp/spack/var/0.13/stage/kmanalo3/spack-stage-julia-1.6.1-zm65sp5ygm56hdp6csnsxqjc7qea6ijo/spack-src/usr/share/julia/stdlib/v1.6/Serialization/src/Serialization.jl:0
 [13] handle_deserialize
    @ /var/pace-apps/temp/spack/var/0.13/stage/kmanalo3/spack-stage-julia-1.6.1-zm65sp5ygm56hdp6csnsxqjc7qea6ijo/spack-src/usr/share/julia/stdlib/v1.6/Serialization/src/Serialization.jl:837
 [14] deserialize
    @ /var/pace-apps/temp/spack/var/0.13/stage/kmanalo3/spack-stage-julia-1.6.1-zm65sp5ygm56hdp6csnsxqjc7qea6ijo/spack-src/usr/share/julia/stdlib/v1.6/Serialization/src/Serialization.jl:782
 [15] deserialize_datatype
    @ /var/pace-apps/temp/spack/var/0.13/stage/kmanalo3/spack-stage-julia-1.6.1-zm65sp5ygm56hdp6csnsxqjc7qea6ijo/spack-src/usr/share/julia/stdlib/v1.6/Serialization/src/Serialization.jl:1312
 [16] handle_deserialize
    @ /var/pace-apps/temp/spack/var/0.13/stage/kmanalo3/spack-stage-julia-1.6.1-zm65sp5ygm56hdp6csnsxqjc7qea6ijo/spack-src/usr/share/julia/stdlib/v1.6/Serialization/src/Serialization.jl:835
 [17] deserialize
    @ /var/pace-apps/temp/spack/var/0.13/stage/kmanalo3/spack-stage-julia-1.6.1-zm65sp5ygm56hdp6csnsxqjc7qea6ijo/spack-src/usr/share/julia/stdlib/v1.6/Serialization/src/Serialization.jl:782
 [18] deserialize_datatype
    @ /var/pace-apps/temp/spack/var/0.13/stage/kmanalo3/spack-stage-julia-1.6.1-zm65sp5ygm56hdp6csnsxqjc7qea6ijo/spack-src/usr/share/julia/stdlib/v1.6/Serialization/src/Serialization.jl:1303
 [19] handle_deserialize
    @ /var/pace-apps/temp/spack/var/0.13/stage/kmanalo3/spack-stage-julia-1.6.1-zm65sp5ygm56hdp6csnsxqjc7qea6ijo/spack-src/usr/share/julia/stdlib/v1.6/Serialization/src/Serialization.jl:835
--- the last 6 lines are repeated 1 more time ---
 [26] deserialize
    @ /var/pace-apps/temp/spack/var/0.13/stage/kmanalo3/spack-stage-julia-1.6.1-zm65sp5ygm56hdp6csnsxqjc7qea6ijo/spack-src/usr/share/julia/stdlib/v1.6/Serialization/src/Serialization.jl:782
 [27] deserialize_datatype
    @ /var/pace-apps/temp/spack/var/0.13/stage/kmanalo3/spack-stage-julia-1.6.1-zm65sp5ygm56hdp6csnsxqjc7qea6ijo/spack-src/usr/share/julia/stdlib/v1.6/Serialization/src/Serialization.jl:1312
 [28] handle_deserialize
    @ /var/pace-apps/temp/spack/var/0.13/stage/kmanalo3/spack-stage-julia-1.6.1-zm65sp5ygm56hdp6csnsxqjc7qea6ijo/spack-src/usr/share/julia/stdlib/v1.6/Serialization/src/Serialization.jl:835
--- the last 3 lines are repeated 3 more times ---
 [38] deserialize
    @ /var/pace-apps/temp/spack/var/0.13/stage/kmanalo3/spack-stage-julia-1.6.1-zm65sp5ygm56hdp6csnsxqjc7qea6ijo/spack-src/usr/share/julia/stdlib/v1.6/Serialization/src/Serialization.jl:782
 [39] handle_deserialize
    @ /var/pace-apps/temp/spack/var/0.13/stage/kmanalo3/spack-stage-julia-1.6.1-zm65sp5ygm56hdp6csnsxqjc7qea6ijo/spack-src/usr/share/julia/stdlib/v1.6/Serialization/src/Serialization.jl:842
 [40] deserialize
    @ /var/pace-apps/temp/spack/var/0.13/stage/kmanalo3/spack-stage-julia-1.6.1-zm65sp5ygm56hdp6csnsxqjc7qea6ijo/spack-src/usr/share/julia/stdlib/v1.6/Serialization/src/Serialization.jl:782
 [41] #5
    @ /var/pace-apps/temp/spack/var/0.13/stage/kmanalo3/spack-stage-julia-1.6.1-zm65sp5ygm56hdp6csnsxqjc7qea6ijo/spack-src/usr/share/julia/stdlib/v1.6/Serialization/src/Serialization.jl:941
 [42] ntupleany
    @ ./ntuple.jl:43
 [43] deserialize_tuple
    @ /var/pace-apps/temp/spack/var/0.13/stage/kmanalo3/spack-stage-julia-1.6.1-zm65sp5ygm56hdp6csnsxqjc7qea6ijo/spack-src/usr/share/julia/stdlib/v1.6/Serialization/src/Serialization.jl:941
 [44] handle_deserialize
    @ /var/pace-apps/temp/spack/var/0.13/stage/kmanalo3/spack-stage-julia-1.6.1-zm65sp5ygm56hdp6csnsxqjc7qea6ijo/spack-src/usr/share/julia/stdlib/v1.6/Serialization/src/Serialization.jl:825
--- the last 5 lines are repeated 1 more time ---
 [50] deserialize
    @ /var/pace-apps/temp/spack/var/0.13/stage/kmanalo3/spack-stage-julia-1.6.1-zm65sp5ygm56hdp6csnsxqjc7qea6ijo/spack-src/usr/share/julia/stdlib/v1.6/Serialization/src/Serialization.jl:782 [inlined]
 [51] deserialize_msg
    @ /var/pace-apps/temp/spack/var/0.13/stage/kmanalo3/spack-stage-julia-1.6.1-zm65sp5ygm56hdp6csnsxqjc7qea6ijo/spack-src/usr/share/julia/stdlib/v1.6/Distributed/src/messages.jl:87
 [52] #invokelatest#2
    @ ./essentials.jl:708 [inlined]
 [53] invokelatest
    @ ./essentials.jl:706 [inlined]
 [54] message_handler_loop
    @ /var/pace-apps/temp/spack/var/0.13/stage/kmanalo3/spack-stage-julia-1.6.1-zm65sp5ygm56hdp6csnsxqjc7qea6ijo/spack-src/usr/share/julia/stdlib/v1.6/Distributed/src/process_messages.jl:169
 [55] process_tcp_streams
    @ /var/pace-apps/temp/spack/var/0.13/stage/kmanalo3/spack-stage-julia-1.6.1-zm65sp5ygm56hdp6csnsxqjc7qea6ijo/spack-src/usr/share/julia/stdlib/v1.6/Distributed/src/process_messages.jl:126
Stacktrace:
  [1] (::Base.var"#837#839")(x::Task)
    @ Base ./asyncmap.jl:177
  [2] foreach(f::Base.var"#837#839", itr::Vector{Any})
    @ Base ./abstractarray.jl:2141
  [3] maptwice(wrapped_f::Function, chnl::Channel{Any}, worker_tasks::Vector{Any}, c::UnitRange{Int64})
    @ Base ./asyncmap.jl:177
  [4] wrap_n_exec_twice
    @ ./asyncmap.jl:153 [inlined]
  [5] async_usemap(f::Distributed.var"#224#225"{Distributed.var"#226#228"{SciMLBase.var"#472#473"{Base.Iterators.Pairs{Symbol, Any, Tuple{Symbol, Symbol, Symbol}, NamedTuple{(:callback, :reltol, :abstol), Tuple{CallbackSet{Tuple{ContinuousCallback{var"#condition_perigee_radius#3"{Float64, Float64}, var"#affect!#2", var"#affect!#2", typeof(DiffEqBase.INITIALIZE_DEFAULT), typeof(DiffEqBase.FINALIZE_DEFAULT), Float64, Float64, Rational{Int64}, Nothing, Int64}, ContinuousCallback{var"#condition_nearth_Intersect#4"{Float64}, var"#affect!#2", var"#affect!#2", typeof(DiffEqBase.INITIALIZE_DEFAULT), typeof(DiffEqBase.FINALIZE_DEFAULT), Float64, Float64, Rational{Int64}, Nothing, Int64}, ContinuousCallback{var"#condiction_leave_nSOI#5"{Float64, Float64}, var"#affect!#2", var"#affect!#2", typeof(DiffEqBase.INITIALIZE_DEFAULT), typeof(DiffEqBase.FINALIZE_DEFAULT), Float64, Float64, Rational{Int64}, Nothing, Int64}}, Tuple{}}, Float64, Float64}}}, EnsembleProblem{ODEProblem{Vector{Float64}, Tuple{Float64, Float64}, true, Float64, ODEFunction{true, typeof(Main.R3BP.rhs_pcr3bp_sv!), UniformScaling{Bool}, Nothing, Nothing, Nothing, Nothing, Nothing, Nothing, Nothing, Nothing, Nothing, Nothing, Nothing, Nothing, typeof(SciMLBase.DEFAULT_OBSERVED), Nothing}, Base.Iterators.Pairs{Union{}, Union{}, Tuple{}, NamedTuple{(), Tuple{}}}, SciMLBase.StandardODEProblem}, var"#prob_func#6"{Bool, Int64, Vector{Any}, Vector{Any}}, typeof(SciMLBase.DEFAULT_OUTPUT_FUNC), typeof(SciMLBase.DEFAULT_REDUCTION), Nothing}, Tsit5, UnitRange{Int64}, Int64, Int64, Int64}}, CachingPool, Bool}, c::UnitRange{Int64}; ntasks::Function, batch_size::Int64)
    @ Base ./asyncmap.jl:103
  [6] #asyncmap#821
    @ ./asyncmap.jl:81 [inlined]
  [7] pmap(f::Function, p::CachingPool, c::UnitRange{Int64}; distributed::Bool, batch_size::Int64, on_error::Nothing, retry_delays::Vector{Any}, retry_check::Nothing)
    @ Distributed /var/pace-apps/temp/spack/var/0.13/stage/kmanalo3/spack-stage-julia-1.6.1-zm65sp5ygm56hdp6csnsxqjc7qea6ijo/spack-src/usr/share/julia/stdlib/v1.6/Distributed/src/pmap.jl:144
  [8] solve_batch(prob::EnsembleProblem{ODEProblem{Vector{Float64}, Tuple{Float64, Float64}, true, Float64, ODEFunction{true, typeof(Main.R3BP.rhs_pcr3bp_sv!), UniformScaling{Bool}, Nothing, Nothing, Nothing, Nothing, Nothing, Nothing, Nothing, Nothing, Nothing, Nothing, Nothing, Nothing, typeof(SciMLBase.DEFAULT_OBSERVED), Nothing}, Base.Iterators.Pairs{Union{}, Union{}, Tuple{}, NamedTuple{(), Tuple{}}}, SciMLBase.StandardODEProblem}, var"#prob_func#6"{Bool, Int64, Vector{Any}, Vector{Any}}, typeof(SciMLBase.DEFAULT_OUTPUT_FUNC), typeof(SciMLBase.DEFAULT_REDUCTION), Nothing}, alg::Tsit5, ::EnsembleSplitThreads, II::UnitRange{Int64}, pmap_batch_size::Int64; kwargs::Base.Iterators.Pairs{Symbol, Any, Tuple{Symbol, Symbol, Symbol}, NamedTuple{(:callback, :reltol, :abstol), Tuple{CallbackSet{Tuple{ContinuousCallback{var"#condition_perigee_radius#3"{Float64, Float64}, var"#affect!#2", var"#affect!#2", typeof(DiffEqBase.INITIALIZE_DEFAULT), typeof(DiffEqBase.FINALIZE_DEFAULT), Float64, Float64, Rational{Int64}, Nothing, Int64}, ContinuousCallback{var"#condition_nearth_Intersect#4"{Float64}, var"#affect!#2", var"#affect!#2", typeof(DiffEqBase.INITIALIZE_DEFAULT), typeof(DiffEqBase.FINALIZE_DEFAULT), Float64, Float64, Rational{Int64}, Nothing, Int64}, ContinuousCallback{var"#condiction_leave_nSOI#5"{Float64, Float64}, var"#affect!#2", var"#affect!#2", typeof(DiffEqBase.INITIALIZE_DEFAULT), typeof(DiffEqBase.FINALIZE_DEFAULT), Float64, Float64, Rational{Int64}, Nothing, Int64}}, Tuple{}}, Float64, Float64}}})
    @ SciMLBase ~/.julia/packages/SciMLBase/AOoIW/src/ensemble/basic_ensemble_solve.jl:242
  [9] macro expansion
    @ ./timing.jl:287 [inlined]
 [10] __solve(prob::EnsembleProblem{ODEProblem{Vector{Float64}, Tuple{Float64, Float64}, true, Float64, ODEFunction{true, typeof(Main.R3BP.rhs_pcr3bp_sv!), UniformScaling{Bool}, Nothing, Nothing, Nothing, Nothing, Nothing, Nothing, Nothing, Nothing, Nothing, Nothing, Nothing, Nothing, typeof(SciMLBase.DEFAULT_OBSERVED), Nothing}, Base.Iterators.Pairs{Union{}, Union{}, Tuple{}, NamedTuple{(), Tuple{}}}, SciMLBase.StandardODEProblem}, var"#prob_func#6"{Bool, Int64, Vector{Any}, Vector{Any}}, typeof(SciMLBase.DEFAULT_OUTPUT_FUNC), typeof(SciMLBase.DEFAULT_REDUCTION), Nothing}, alg::Tsit5, ensemblealg::EnsembleSplitThreads; trajectories::Int64, batch_size::Int64, pmap_batch_size::Int64, kwargs::Base.Iterators.Pairs{Symbol, Any, Tuple{Symbol, Symbol, Symbol}, NamedTuple{(:callback, :reltol, :abstol), Tuple{CallbackSet{Tuple{ContinuousCallback{var"#condition_perigee_radius#3"{Float64, Float64}, var"#affect!#2", var"#affect!#2", typeof(DiffEqBase.INITIALIZE_DEFAULT), typeof(DiffEqBase.FINALIZE_DEFAULT), Float64, Float64, Rational{Int64}, Nothing, Int64}, ContinuousCallback{var"#condition_nearth_Intersect#4"{Float64}, var"#affect!#2", var"#affect!#2", typeof(DiffEqBase.INITIALIZE_DEFAULT), typeof(DiffEqBase.FINALIZE_DEFAULT), Float64, Float64, Rational{Int64}, Nothing, Int64}, ContinuousCallback{var"#condiction_leave_nSOI#5"{Float64, Float64}, var"#affect!#2", var"#affect!#2", typeof(DiffEqBase.INITIALIZE_DEFAULT), typeof(DiffEqBase.FINALIZE_DEFAULT), Float64, Float64, Rational{Int64}, Nothing, Int64}}, Tuple{}}, Float64, Float64}}})
    @ SciMLBase ~/.julia/packages/SciMLBase/AOoIW/src/ensemble/basic_ensemble_solve.jl:108
 [11] #solve#61
    @ ~/.julia/packages/DiffEqBase/oe7VF/src/solve.jl:96 [inlined]
 [12] main(params::Main.R3BP.CR3BP_param, thetas::LinRange{Float64}, ras::LinRange{Float64}, verbose::Bool)
    @ Main /storage/coda1/p-kho34/0/yshimane3/paceyuri/julia-R3BP/experiments/search-SEsystem-LET-ballistic.jl:153
 [13] main(params::Main.R3BP.CR3BP_param, thetas::LinRange{Float64}, ras::LinRange{Float64})
    @ Main /storage/coda1/p-kho34/0/yshimane3/paceyuri/julia-R3BP/experiments/search-SEsystem-LET-ballistic.jl:71
 [14] top-level scope
    @ /storage/coda1/p-kho34/0/yshimane3/paceyuri/julia-R3BP/experiments/search-SEsystem-LET-ballistic.jl:198
in expression starting at /storage/coda1/p-kho34/0/yshimane3/paceyuri/julia-R3BP/experiments/search-SEsystem-LET-ballistic.jl:198
mu: 3.003480593992992e-6
Using 36000 - 36000 initial conditions
---------------------------------------
Begin PBS Epilogue Wed Jul  7 14:57:54 EDT 2021
Job ID:     2289728.sched-torque.pace.gatech.edu
User ID:    yshimane3
Job name:   SE_ballistic
Resources:  nodes=2:ppn=8,pmem=2gb,walltime=06:00:00,neednodes=2:ppn=8
Rsrc Used:  cput=00:07:35,vmem=39360052kb,walltime=00:01:26,mem=10334568kb,energy_used=0
Queue:      inferno
Nodes:     
atl1-1-02-006-10-r.pace.gatech.edu
End PBS Epilogue Wed Jul  7 14:57:54 EDT 2021
---------------------------------------
