---------------------------------------
Begin PBS Prologue Wed Jul  7 12:29:48 EDT 2021
Job ID:     2288571.sched-torque.pace.gatech.edu
User ID:    yshimane3
Job name:   SE_enhanced
Queue:      inferno
End PBS Prologue Wed Jul  7 12:29:48 EDT 2021
---------------------------------------

Lmod is automatically replacing "intel/19.0.5" with "gcc/8.3.0".


Due to MODULEPATH changes, the following have been reloaded:
  1) mvapich2/2.3.2

mu: 3.003480593992992e-6
Using 14400 - 14400 initial conditions
tmax: 0.016452291023524804
mdot: 0.014276716503245912

Ensemble sim # 1 ..... using τ = -1.0

Ensemble sim # 2 ..... using τ = 1.0

Found 303 solutions!
Save data at: ./let-SunEarthSystem-data/se_enhanced_20210707_1318.json
Done!
---------------------------------------
Begin PBS Epilogue Wed Jul  7 13:18:33 EDT 2021
Job ID:     2288571.sched-torque.pace.gatech.edu
User ID:    yshimane3
Job name:   SE_enhanced
Resources:  nodes=2:ppn=8,pmem=2gb,walltime=06:00:00,neednodes=2:ppn=8
Rsrc Used:  cput=00:54:18,vmem=68540524kb,walltime=00:48:45,mem=33541600kb,energy_used=0
Queue:      inferno
Nodes:     
atl1-1-02-014-14-l.pace.gatech.edu
End PBS Epilogue Wed Jul  7 13:18:33 EDT 2021
---------------------------------------
